1630877070310:add book "tar Wars"
1630877085753:addBookId 1
1631041060077:addbook Test Test Book
1631041159020:Test 1 2
1631041184270:addBookId test 1 1
1631041977007:addBook 1 1
1631042036817:addBookId Test 1 1
1631042262259:listBooks
1631043104267:listBook
1631043114924:listBooks
1631043302354:listAuthors
1631043348647:addBook Test Tom Poem
1631043430267:a
1631043457509:addBook Test Ray Bradbury novel
1631043471761:add Book Ray novel
1631043479979:addBook Ray novel
1631043506080:addBook 'Ray Bradbury' 'novel'
1631051589801:listBooks
1631051600878:listGenres
1631051607123:listAuthors
1631052171901:listBooks
1631052332492:listGenres
1631052545365:listBooks
